<?xml version="1.0" encoding="UTF-8"?>
<testng-results skipped="0" failed="0" ignored="0" total="1" passed="1">
  <reporter-output>
  </reporter-output>
  <suite name="AntJenkinsTestSuite" duration-ms="21849" started-at="2019-02-08T11:06:39Z" finished-at="2019-02-08T11:07:01Z">
    <groups>
    </groups>
    <test name="MyTests" duration-ms="21849" started-at="2019-02-08T11:06:39Z" finished-at="2019-02-08T11:07:01Z">
      <class name="myPackage.SmokeTest">
        <test-method status="PASS" signature="loginTest()[pri:0, instance:myPackage.SmokeTest@4c75cab9]" name="loginTest" duration-ms="21827" started-at="2019-02-08T11:06:39Z" finished-at="2019-02-08T11:07:01Z">
          <reporter-output>
          </reporter-output>
        </test-method> <!-- loginTest -->
      </class> <!-- myPackage.SmokeTest -->
    </test> <!-- MyTests -->
  </suite> <!-- AntJenkinsTestSuite -->
</testng-results>
